Using pre-set license
Built from '2021.2/staging' branch; Version is '2021.2.19f1 (602ecdbb2fb0) revision 6303437'; Using compiler version '192829333'; Build Type 'Release'
OS: 'Windows 10  (10.0.19042) 64bit Professional' Language: 'it' Physical Memory: 16085 MB
BatchMode: 1, IsHumanControllingUs: 0, StartBugReporterOnCrash: 0, Is64bit: 1, IsPro: 1

COMMAND LINE ARGUMENTS:
C:\Program Files\Unity\Hub\Editor\2021.2.19f1\Editor\Unity.exe
-adb2
-batchMode
-noUpm
-name
AssetImportWorker0
-projectPath
C:/Users/utente/Documents/VR Experience Anansi
-logFile
Logs/AssetImportWorker0.log
-srvPort
61096
Successfully changed project path to: C:/Users/utente/Documents/VR Experience Anansi
C:/Users/utente/Documents/VR Experience Anansi
[UnityMemory] Configuration Parameters - Can be set up in boot.config
    "memorysetup-bucket-allocator-granularity=16"
    "memorysetup-bucket-allocator-bucket-count=8"
    "memorysetup-bucket-allocator-block-size=33554432"
    "memorysetup-bucket-allocator-block-count=8"
    "memorysetup-main-allocator-block-size=16777216"
    "memorysetup-thread-allocator-block-size=16777216"
    "memorysetup-gfx-main-allocator-block-size=16777216"
    "memorysetup-gfx-thread-allocator-block-size=16777216"
    "memorysetup-cache-allocator-block-size=4194304"
    "memorysetup-typetree-allocator-block-size=2097152"
    "memorysetup-profiler-bucket-allocator-granularity=16"
    "memorysetup-profiler-bucket-allocator-bucket-count=8"
    "memorysetup-profiler-bucket-allocator-block-size=33554432"
    "memorysetup-profiler-bucket-allocator-block-count=8"
    "memorysetup-profiler-allocator-block-size=16777216"
    "memorysetup-profiler-editor-allocator-block-size=1048576"
    "memorysetup-temp-allocator-size-main=16777216"
    "memorysetup-job-temp-allocator-block-size=2097152"
    "memorysetup-job-temp-allocator-block-size-background=1048576"
    "memorysetup-job-temp-allocator-reduction-small-platforms=262144"
    "memorysetup-temp-allocator-size-background-worker=32768"
    "memorysetup-temp-allocator-size-job-worker=262144"
    "memorysetup-temp-allocator-size-preload-manager=33554432"
    "memorysetup-temp-allocator-size-nav-mesh-worker=65536"
    "memorysetup-temp-allocator-size-audio-worker=65536"
    "memorysetup-temp-allocator-size-cloud-worker=32768"
    "memorysetup-temp-allocator-size-gi-baking-worker=262144"
    "memorysetup-temp-allocator-size-gfx=262144"
Refreshing native plugins compatible for Editor in 89.51 ms, found 11 plugins.
Preloading 1 native plugins for Editor in 0.86 ms.
Initialize engine version: 2021.2.19f1 (602ecdbb2fb0)
[Subsystems] Discovering subsystems at path C:/Program Files/Unity/Hub/Editor/2021.2.19f1/Editor/Data/Resources/UnitySubsystems
[Subsystems] Discovering subsystems at path C:/Users/utente/Documents/VR Experience Anansi/Assets
GfxDevice: creating device client; threaded=0; jobified=0
Direct3D:
    Version:  Direct3D 11.0 [level 11.1]
    Renderer: NVIDIA GeForce MX450 (ID=0x1f97)
    Vendor:   NVIDIA
    VRAM:     1928 MB
    Driver:   27.21.14.5183
Initialize mono
Mono path[0] = 'C:/Program Files/Unity/Hub/Editor/2021.2.19f1/Editor/Data/Managed'
Mono path[1] = 'C:/Program Files/Unity/Hub/Editor/2021.2.19f1/Editor/Data/MonoBleedingEdge/lib/mono/unityjit-win32'
Mono config path = 'C:/Program Files/Unity/Hub/Editor/2021.2.19f1/Editor/Data/MonoBleedingEdge/etc'
Using monoOptions --debugger-agent=transport=dt_socket,embedding=1,server=y,suspend=n,address=127.0.0.1:56932
Begin MonoManager ReloadAssembly
Registering precompiled unity dll's ...
Register platform support module: C:/Program Files/Unity/Hub/Editor/2021.2.19f1/Editor/Data/PlaybackEngines/WebGLSupport/UnityEditor.WebGL.Extensions.dll
Register platform support module: C:/Program Files/Unity/Hub/Editor/2021.2.19f1/Editor/Data/PlaybackEngines/AndroidPlayer/UnityEditor.Android.Extensions.dll
Register platform support module: C:/Program Files/Unity/Hub/Editor/2021.2.19f1/Editor/Data/PlaybackEngines/WindowsStandaloneSupport/UnityEditor.WindowsStandalone.Extensions.dll
Register platform support module: C:/Program Files/Unity/Hub/Editor/2021.2.19f1/Editor/Data/PlaybackEngines/MetroSupport/UnityEditor.UWP.Extensions.dll
Registered in 0.008465 seconds.
Native extension for UWP target not found
Native extension for WindowsStandalone target not found
Native extension for Android target not found
Native extension for WebGL target not found
Refreshing native plugins compatible for Editor in 73.90 ms, found 11 plugins.
Preloading 1 native plugins for Editor in 0.25 ms.
Mono: successfully reloaded assembly
- Completed reload, in  0.554 seconds
Domain Reload Profiling:
	ReloadAssembly (555ms)
		BeginReloadAssembly (61ms)
			ExecutionOrderSort (0ms)
			DisableScriptedObjects (0ms)
			BackupInstance (0ms)
			ReleaseScriptingObjects (0ms)
			CreateAndSetChildDomain (1ms)
		EndReloadAssembly (385ms)
			LoadAssemblies (60ms)
			RebuildTransferFunctionScriptingTraits (0ms)
			SetupTypeCache (88ms)
			ReleaseScriptCaches (0ms)
			RebuildScriptCaches (21ms)
			SetupLoadedEditorAssemblies (234ms)
				LogAssemblyErrors (0ms)
				InitializePlatformSupportModulesInManaged (45ms)
				SetLoadedEditorAssemblies (0ms)
				RefreshPlugins (74ms)
				BeforeProcessingInitializeOnLoad (1ms)
				ProcessInitializeOnLoadAttributes (79ms)
				ProcessInitializeOnLoadMethodAttributes (34ms)
				AfterProcessingInitializeOnLoad (0ms)
				EditorAssembliesLoaded (0ms)
			ExecutionOrderSort2 (0ms)
			AwakeInstancesAfterBackupRestoration (0ms)
Platform modules already initialized, skipping
Registering precompiled user dll's ...
Registered in 0.005439 seconds.
Begin MonoManager ReloadAssembly
Symbol file LoadedFromMemory doesn't match image C:\Users\utente\Documents\VR Experience Anansi\Library\PackageCache\com.unity.visualscripting@1.7.6\Editor\VisualScripting.Core\Dependencies\DotNetZip\Unity.VisualScripting.IonicZip.dll
Symbol file LoadedFromMemory doesn't match image C:\Users\utente\Documents\VR Experience Anansi\Library\PackageCache\com.unity.visualscripting@1.7.6\Editor\VisualScripting.Core\Dependencies\YamlDotNet\Unity.VisualScripting.YamlDotNet.dll
Symbol file LoadedFromMemory is not a mono symbol file
Native extension for UWP target not found
Native extension for WindowsStandalone target not found
Native extension for Android target not found
Native extension for WebGL target not found
Refreshing native plugins compatible for Editor in 88.07 ms, found 11 plugins.
Preloading 1 native plugins for Editor in 0.06 ms.
Package Manager log level set to [2]
System.Reflection.TargetInvocationException: Exception has been thrown by the target of an invocation. ---> System.NullReferenceException: Object reference not set to an instance of an object
  at Unity.XR.Oculus.OculusLoader.AssetPathToAbsolutePath (System.String assetPath) [0x0003d] in C:\Users\utente\Documents\VR Experience Anansi\Library\PackageCache\com.unity.xr.oculus@3.0.0\Runtime\OculusLoader.cs:257 
  at Unity.XR.Oculus.OculusLoader.EditorLoadOVRPlugin () [0x0007b] in C:\Users\utente\Documents\VR Experience Anansi\Library\PackageCache\com.unity.xr.oculus@3.0.0\Runtime\OculusLoader.cs:242 
  at (wrapper managed-to-native) System.Reflection.RuntimeMethodInfo.InternalInvoke(System.Reflection.RuntimeMethodInfo,object,object[],System.Exception&)
  at System.Reflection.RuntimeMethodInfo.Invoke (System.Object obj, System.Reflection.BindingFlags invokeAttr, System.Reflection.Binder binder, System.Object[] parameters, System.Globalization.CultureInfo culture) [0x0006a] in <6073cf49ed704e958b8a66d540dea948>:0 
   --- End of inner exception stack trace ---
  at System.Reflection.RuntimeMethodInfo.Invoke (System.Object obj, System.Reflection.BindingFlags invokeAttr, System.Reflection.Binder binder, System.Object[] parameters, System.Globalization.CultureInfo culture) [0x00083] in <6073cf49ed704e958b8a66d540dea948>:0 
  at System.Reflection.MethodBase.Invoke (System.Object obj, System.Object[] parameters) [0x00000] in <6073cf49ed704e958b8a66d540dea948>:0 
  at UnityEditor.EditorAssemblies.ProcessInitializeOnLoadMethodAttributes () [0x000a5] in <780782bc035845f9909cebbd4c983ae3>:0 
UnityEngine.StackTraceUtility:ExtractStackTrace ()
UnityEngine.DebugLogHandler:LogFormat (UnityEngine.LogType,UnityEngine.Object,string,object[])
UnityEngine.Logger:Log (UnityEngine.LogType,object)
UnityEngine.Debug:LogError (object)
UnityEditor.EditorAssemblies:ProcessInitializeOnLoadMethodAttributes ()

Mono: successfully reloaded assembly
- Completed reload, in  1.127 seconds
Domain Reload Profiling:
	ReloadAssembly (1128ms)
		BeginReloadAssembly (193ms)
			ExecutionOrderSort (0ms)
			DisableScriptedObjects (4ms)
			BackupInstance (0ms)
			ReleaseScriptingObjects (0ms)
			CreateAndSetChildDomain (127ms)
		EndReloadAssembly (847ms)
			LoadAssemblies (69ms)
			RebuildTransferFunctionScriptingTraits (0ms)
			SetupTypeCache (230ms)
			ReleaseScriptCaches (0ms)
			RebuildScriptCaches (44ms)
			SetupLoadedEditorAssemblies (456ms)
				LogAssemblyErrors (0ms)
				InitializePlatformSupportModulesInManaged (13ms)
				SetLoadedEditorAssemblies (0ms)
				RefreshPlugins (88ms)
				BeforeProcessingInitializeOnLoad (90ms)
				ProcessInitializeOnLoadAttributes (229ms)
				ProcessInitializeOnLoadMethodAttributes (30ms)
				AfterProcessingInitializeOnLoad (5ms)
				EditorAssembliesLoaded (0ms)
			ExecutionOrderSort2 (0ms)
			AwakeInstancesAfterBackupRestoration (4ms)
Platform modules already initialized, skipping
========================================================================
Worker process is ready to serve import requests
Launched and connected shader compiler UnityShaderCompiler.exe after 0.06 seconds
Refreshing native plugins compatible for Editor in 1.15 ms, found 11 plugins.
Preloading 1 native plugins for Editor in 0.11 ms.
Unloading 3920 Unused Serialized files (Serialized files now loaded: 0)
Unloading 45 unused Assets / (113.5 KB). Loaded Objects now: 4366.
Memory consumption went from 137.8 MB to 137.7 MB.
Total: 4.908600 ms (FindLiveObjects: 0.395600 ms CreateObjectMapping: 0.310700 ms MarkObjects: 4.048400 ms  DeleteObjects: 0.152700 ms)

AssetImportParameters requested are different than current active one (requested -> active):
  custom:video-decoder-ogg-theora: a1e56fd34408186e4bbccfd4996cb3dc -> 
  custom:container-muxer-webm: aa71ff27fc2769a1b78a27578f13a17b -> 
  custom:container-demuxer-webm: 4f35f7cbe854078d1ac9338744f61a02 -> 
  custom:video-encoder-webm-vp8: eb34c28f22e8b96e1ab97ce403110664 -> 
  custom:audio-encoder-webm-vorbis: bf7c407c2cedff20999df2af8eb42d56 -> 
  custom:framework-win-MediaFoundation: 216162199b28c13a410421893ffa2e32 -> 
  custom:container-demuxer-ogg: 62fdf1f143b41e24485cea50d1cbac27 -> 
  custom:video-decoder-webm-vp8: 9c59270c3fd7afecdb556c50c9e8de78 -> 
  custom:audio-decoder-ogg-vorbis: bf7c407c2cedff20999df2af8eb42d56 -> 
========================================================================
Received Import Request.
  Time since last request: 7221.666052 seconds.
  path: Assets/Scenes
  artifactKey: Guid(0cc1b79de78bc4991892d4d342d7211a) Importer(815301076,1909f56bfc062723c751e8b465ee728b)
Start importing Assets/Scenes using Guid(0cc1b79de78bc4991892d4d342d7211a) Importer(815301076,1909f56bfc062723c751e8b465ee728b)  -> (artifact id: '464905cf348a3030ff915904016b0176') in 0.013851 seconds 
========================================================================
Received Import Request.
  Time since last request: 1.754643 seconds.
  path: Assets/ExampleAssets/Prefabs
  artifactKey: Guid(82604acad0a5a414f8a866ee8d466621) Importer(815301076,1909f56bfc062723c751e8b465ee728b)
Start importing Assets/ExampleAssets/Prefabs using Guid(82604acad0a5a414f8a866ee8d466621) Importer(815301076,1909f56bfc062723c751e8b465ee728b)  -> (artifact id: '1903ff6637f68e10698f14272b16261f') in 0.007475 seconds 
========================================================================
Received Import Request.
  Time since last request: 0.035648 seconds.
  path: Assets/ExampleAssets/Prefabs/XRControllerLeft.prefab
  artifactKey: Guid(5b158b94c373d4b4f9e98cdb92789343) Importer(815301076,1909f56bfc062723c751e8b465ee728b)
Start importing Assets/ExampleAssets/Prefabs/XRControllerLeft.prefab using Guid(5b158b94c373d4b4f9e98cdb92789343) Importer(815301076,1909f56bfc062723c751e8b465ee728b)  -> (artifact id: 'c7036f2e22b041dcb4d418044b8113b7') in 0.241865 seconds 
========================================================================
Received Import Request.
  Time since last request: 5.654942 seconds.
  path: Assets/ExampleAssets/Models
  artifactKey: Guid(4a0dd92c4753243b18b4100cf4991b5b) Importer(815301076,1909f56bfc062723c751e8b465ee728b)
Start importing Assets/ExampleAssets/Models using Guid(4a0dd92c4753243b18b4100cf4991b5b) Importer(815301076,1909f56bfc062723c751e8b465ee728b)  -> (artifact id: 'db20ab0114199690f5053c1bf1416a04') in 0.013146 seconds 
========================================================================
Received Import Request.
  Time since last request: 0.047858 seconds.
  path: Assets/ExampleAssets/Models/XRControllerLeft.fbx
  artifactKey: Guid(e48d18018a0ba46c283d9fd9c227e578) Importer(815301076,1909f56bfc062723c751e8b465ee728b)
Start importing Assets/ExampleAssets/Models/XRControllerLeft.fbx using Guid(e48d18018a0ba46c283d9fd9c227e578) Importer(815301076,1909f56bfc062723c751e8b465ee728b)  -> (artifact id: 'c85f41559c2ab91ae0e4084b48c2b0ee') in 0.186571 seconds 
========================================================================
Received Import Request.
  Time since last request: 18.042241 seconds.
  path: Assets/ExampleAssets/Materials
  artifactKey: Guid(7e2c000a47cf74a35ba28043f5839c1e) Importer(815301076,1909f56bfc062723c751e8b465ee728b)
Start importing Assets/ExampleAssets/Materials using Guid(7e2c000a47cf74a35ba28043f5839c1e) Importer(815301076,1909f56bfc062723c751e8b465ee728b)  -> (artifact id: 'f4a69abcc307f7b56fffddadefc993d4') in 0.008669 seconds 
========================================================================
Received Import Request.
  Time since last request: 0.031599 seconds.
  path: Assets/ExampleAssets/Materials/Controller.mat
  artifactKey: Guid(3d2e36aacd7dc084b96e0755f1af4137) Importer(815301076,1909f56bfc062723c751e8b465ee728b)
Start importing Assets/ExampleAssets/Materials/Controller.mat using Guid(3d2e36aacd7dc084b96e0755f1af4137) Importer(815301076,1909f56bfc062723c751e8b465ee728b)  -> (artifact id: '5e30c27d09a2d5e1a64eff6581c265de') in 0.017987 seconds 
========================================================================
Received Import Request.
  Time since last request: 0.000015 seconds.
  path: Assets/ExampleAssets/Materials/Skybox Light.mat
  artifactKey: Guid(3a408e788dcbed6429c8d22a01b32a76) Importer(815301076,1909f56bfc062723c751e8b465ee728b)
Start importing Assets/ExampleAssets/Materials/Skybox Light.mat using Guid(3a408e788dcbed6429c8d22a01b32a76) Importer(815301076,1909f56bfc062723c751e8b465ee728b)  -> (artifact id: '592b17cdbba0638d9bb60daded0f5f29') in 0.018200 seconds 
========================================================================
Received Import Request.
  Time since last request: 2.839031 seconds.
  path: Assets/ExampleAssets/Tutorial
  artifactKey: Guid(4aa865ce879c443d3b970d28b0499121) Importer(815301076,1909f56bfc062723c751e8b465ee728b)
Start importing Assets/ExampleAssets/Tutorial using Guid(4aa865ce879c443d3b970d28b0499121) Importer(815301076,1909f56bfc062723c751e8b465ee728b)  -> (artifact id: '840e47ee0c6f75feae9c0f28c99f70c2') in 0.007128 seconds 
========================================================================
Received Import Request.
  Time since last request: 0.295780 seconds.
  path: Assets/ExampleAssets/Tutorial/VRTutorialContainer.asset
  artifactKey: Guid(66a752886585f42d5b39f6f643d399f9) Importer(815301076,1909f56bfc062723c751e8b465ee728b)
Start importing Assets/ExampleAssets/Tutorial/VRTutorialContainer.asset using Guid(66a752886585f42d5b39f6f643d399f9) Importer(815301076,1909f56bfc062723c751e8b465ee728b)  -> (artifact id: '20eb564fedb7b56370c4e5e2cd71870d') in 0.017774 seconds 
========================================================================
Received Import Request.
  Time since last request: 0.000021 seconds.
  path: Assets/ExampleAssets/Tutorial/VRTutorialStyle.asset
  artifactKey: Guid(148a9beb0fa9a4026a837fad3a14e6a4) Importer(815301076,1909f56bfc062723c751e8b465ee728b)
Start importing Assets/ExampleAssets/Tutorial/VRTutorialStyle.asset using Guid(148a9beb0fa9a4026a837fad3a14e6a4) Importer(815301076,1909f56bfc062723c751e8b465ee728b)  -> (artifact id: '029a5f68afe0fceffaf34ad532e20933') in 0.011626 seconds 
========================================================================
Received Prepare
Registering precompiled user dll's ...
Registered in 0.007121 seconds.
Begin MonoManager ReloadAssembly
Symbol file LoadedFromMemory doesn't match image C:\Users\utente\Documents\VR Experience Anansi\Library\PackageCache\com.unity.visualscripting@1.7.6\Editor\VisualScripting.Core\Dependencies\DotNetZip\Unity.VisualScripting.IonicZip.dll
Symbol file LoadedFromMemory doesn't match image C:\Users\utente\Documents\VR Experience Anansi\Library\PackageCache\com.unity.visualscripting@1.7.6\Editor\VisualScripting.Core\Dependencies\YamlDotNet\Unity.VisualScripting.YamlDotNet.dll
Symbol file LoadedFromMemory is not a mono symbol file
Native extension for UWP target not found
Native extension for WindowsStandalone target not found
Native extension for Android target not found
Native extension for WebGL target not found
Refreshing native plugins compatible for Editor in 0.91 ms, found 11 plugins.
Preloading 1 native plugins for Editor in 0.15 ms.
System.Reflection.TargetInvocationException: Exception has been thrown by the target of an invocation. ---> System.NullReferenceException: Object reference not set to an instance of an object
  at Unity.XR.Oculus.OculusLoader.AssetPathToAbsolutePath (System.String assetPath) [0x0003d] in C:\Users\utente\Documents\VR Experience Anansi\Library\PackageCache\com.unity.xr.oculus@3.0.0\Runtime\OculusLoader.cs:257 
  at Unity.XR.Oculus.OculusLoader.EditorLoadOVRPlugin () [0x0007b] in C:\Users\utente\Documents\VR Experience Anansi\Library\PackageCache\com.unity.xr.oculus@3.0.0\Runtime\OculusLoader.cs:242 
  at (wrapper managed-to-native) System.Reflection.RuntimeMethodInfo.InternalInvoke(System.Reflection.RuntimeMethodInfo,object,object[],System.Exception&)
  at System.Reflection.RuntimeMethodInfo.Invoke (System.Object obj, System.Reflection.BindingFlags invokeAttr, System.Reflection.Binder binder, System.Object[] parameters, System.Globalization.CultureInfo culture) [0x0006a] in <6073cf49ed704e958b8a66d540dea948>:0 
   --- End of inner exception stack trace ---
  at System.Reflection.RuntimeMethodInfo.Invoke (System.Object obj, System.Reflection.BindingFlags invokeAttr, System.Reflection.Binder binder, System.Object[] parameters, System.Globalization.CultureInfo culture) [0x00083] in <6073cf49ed704e958b8a66d540dea948>:0 
  at System.Reflection.MethodBase.Invoke (System.Object obj, System.Object[] parameters) [0x00000] in <6073cf49ed704e958b8a66d540dea948>:0 
  at UnityEditor.EditorAssemblies.ProcessInitializeOnLoadMethodAttributes () [0x000a5] in <780782bc035845f9909cebbd4c983ae3>:0 
UnityEngine.StackTraceUtility:ExtractStackTrace ()
UnityEngine.DebugLogHandler:LogFormat (UnityEngine.LogType,UnityEngine.Object,string,object[])
UnityEngine.Logger:Log (UnityEngine.LogType,object)
UnityEngine.Debug:LogError (object)
UnityEditor.EditorAssemblies:ProcessInitializeOnLoadMethodAttributes ()

Mono: successfully reloaded assembly
- Completed reload, in  1.024 seconds
Domain Reload Profiling:
	ReloadAssembly (1025ms)
		BeginReloadAssembly (110ms)
			ExecutionOrderSort (0ms)
			DisableScriptedObjects (3ms)
			BackupInstance (0ms)
			ReleaseScriptingObjects (0ms)
			CreateAndSetChildDomain (33ms)
		EndReloadAssembly (832ms)
			LoadAssemblies (76ms)
			RebuildTransferFunctionScriptingTraits (0ms)
			SetupTypeCache (269ms)
			ReleaseScriptCaches (1ms)
			RebuildScriptCaches (43ms)
			SetupLoadedEditorAssemblies (389ms)
				LogAssemblyErrors (0ms)
				InitializePlatformSupportModulesInManaged (28ms)
				SetLoadedEditorAssemblies (1ms)
				RefreshPlugins (1ms)
				BeforeProcessingInitializeOnLoad (74ms)
				ProcessInitializeOnLoadAttributes (244ms)
				ProcessInitializeOnLoadMethodAttributes (35ms)
				AfterProcessingInitializeOnLoad (6ms)
				EditorAssembliesLoaded (0ms)
			ExecutionOrderSort2 (0ms)
			AwakeInstancesAfterBackupRestoration (5ms)
Platform modules already initialized, skipping
Refreshing native plugins compatible for Editor in 4.78 ms, found 11 plugins.
Preloading 1 native plugins for Editor in 0.08 ms.
Unloading 3898 Unused Serialized files (Serialized files now loaded: 0)
Unloading 35 unused Assets / (80.3 KB). Loaded Objects now: 4412.
Memory consumption went from 142.6 MB to 142.5 MB.
Total: 2.790300 ms (FindLiveObjects: 0.249400 ms CreateObjectMapping: 0.104600 ms MarkObjects: 2.350200 ms  DeleteObjects: 0.084500 ms)

AssetImportParameters requested are different than current active one (requested -> active):
  custom:video-decoder-ogg-theora: a1e56fd34408186e4bbccfd4996cb3dc -> 
  custom:container-muxer-webm: aa71ff27fc2769a1b78a27578f13a17b -> 
  custom:container-demuxer-webm: 4f35f7cbe854078d1ac9338744f61a02 -> 
  custom:video-encoder-webm-vp8: eb34c28f22e8b96e1ab97ce403110664 -> 
  custom:audio-encoder-webm-vorbis: bf7c407c2cedff20999df2af8eb42d56 -> 
  custom:framework-win-MediaFoundation: 216162199b28c13a410421893ffa2e32 -> 
  custom:container-demuxer-ogg: 62fdf1f143b41e24485cea50d1cbac27 -> 
  custom:video-decoder-webm-vp8: 9c59270c3fd7afecdb556c50c9e8de78 -> 
  custom:audio-decoder-ogg-vorbis: bf7c407c2cedff20999df2af8eb42d56 -> 
========================================================================
Received Prepare
Registering precompiled user dll's ...
Registered in 0.007140 seconds.
Begin MonoManager ReloadAssembly
Symbol file LoadedFromMemory doesn't match image C:\Users\utente\Documents\VR Experience Anansi\Library\PackageCache\com.unity.visualscripting@1.7.6\Editor\VisualScripting.Core\Dependencies\DotNetZip\Unity.VisualScripting.IonicZip.dll
Symbol file LoadedFromMemory doesn't match image C:\Users\utente\Documents\VR Experience Anansi\Library\PackageCache\com.unity.visualscripting@1.7.6\Editor\VisualScripting.Core\Dependencies\YamlDotNet\Unity.VisualScripting.YamlDotNet.dll
Symbol file LoadedFromMemory is not a mono symbol file
Native extension for UWP target not found
Native extension for WindowsStandalone target not found
Native extension for Android target not found
Native extension for WebGL target not found
Refreshing native plugins compatible for Editor in 0.92 ms, found 11 plugins.
Preloading 1 native plugins for Editor in 0.12 ms.
System.Reflection.TargetInvocationException: Exception has been thrown by the target of an invocation. ---> System.NullReferenceException: Object reference not set to an instance of an object
  at Unity.XR.Oculus.OculusLoader.AssetPathToAbsolutePath (System.String assetPath) [0x0003d] in C:\Users\utente\Documents\VR Experience Anansi\Library\PackageCache\com.unity.xr.oculus@3.0.0\Runtime\OculusLoader.cs:257 
  at Unity.XR.Oculus.OculusLoader.EditorLoadOVRPlugin () [0x0007b] in C:\Users\utente\Documents\VR Experience Anansi\Library\PackageCache\com.unity.xr.oculus@3.0.0\Runtime\OculusLoader.cs:242 
  at (wrapper managed-to-native) System.Reflection.RuntimeMethodInfo.InternalInvoke(System.Reflection.RuntimeMethodInfo,object,object[],System.Exception&)
  at System.Reflection.RuntimeMethodInfo.Invoke (System.Object obj, System.Reflection.BindingFlags invokeAttr, System.Reflection.Binder binder, System.Object[] parameters, System.Globalization.CultureInfo culture) [0x0006a] in <6073cf49ed704e958b8a66d540dea948>:0 
   --- End of inner exception stack trace ---
  at System.Reflection.RuntimeMethodInfo.Invoke (System.Object obj, System.Reflection.BindingFlags invokeAttr, System.Reflection.Binder binder, System.Object[] parameters, System.Globalization.CultureInfo culture) [0x00083] in <6073cf49ed704e958b8a66d540dea948>:0 
  at System.Reflection.MethodBase.Invoke (System.Object obj, System.Object[] parameters) [0x00000] in <6073cf49ed704e958b8a66d540dea948>:0 
  at UnityEditor.EditorAssemblies.ProcessInitializeOnLoadMethodAttributes () [0x000a5] in <780782bc035845f9909cebbd4c983ae3>:0 
UnityEngine.StackTraceUtility:ExtractStackTrace ()
UnityEngine.DebugLogHandler:LogFormat (UnityEngine.LogType,UnityEngine.Object,string,object[])
UnityEngine.Logger:Log (UnityEngine.LogType,object)
UnityEngine.Debug:LogError (object)
UnityEditor.EditorAssemblies:ProcessInitializeOnLoadMethodAttributes ()

Mono: successfully reloaded assembly
- Completed reload, in  1.083 seconds
Domain Reload Profiling:
	ReloadAssembly (1084ms)
		BeginReloadAssembly (117ms)
			ExecutionOrderSort (0ms)
			DisableScriptedObjects (5ms)
			BackupInstance (0ms)
			ReleaseScriptingObjects (0ms)
			CreateAndSetChildDomain (38ms)
		EndReloadAssembly (872ms)
			LoadAssemblies (70ms)
			RebuildTransferFunctionScriptingTraits (0ms)
			SetupTypeCache (260ms)
			ReleaseScriptCaches (3ms)
			RebuildScriptCaches (51ms)
			SetupLoadedEditorAssemblies (421ms)
				LogAssemblyErrors (0ms)
				InitializePlatformSupportModulesInManaged (27ms)
				SetLoadedEditorAssemblies (1ms)
				RefreshPlugins (1ms)
				BeforeProcessingInitializeOnLoad (76ms)
				ProcessInitializeOnLoadAttributes (273ms)
				ProcessInitializeOnLoadMethodAttributes (35ms)
				AfterProcessingInitializeOnLoad (7ms)
				EditorAssembliesLoaded (0ms)
			ExecutionOrderSort2 (0ms)
			AwakeInstancesAfterBackupRestoration (5ms)
Platform modules already initialized, skipping
Refreshing native plugins compatible for Editor in 4.80 ms, found 11 plugins.
Preloading 1 native plugins for Editor in 0.10 ms.
Unloading 3898 Unused Serialized files (Serialized files now loaded: 0)
Unloading 35 unused Assets / (80.3 KB). Loaded Objects now: 4416.
Memory consumption went from 142.6 MB to 142.5 MB.
Total: 3.169700 ms (FindLiveObjects: 0.285100 ms CreateObjectMapping: 0.133100 ms MarkObjects: 2.655000 ms  DeleteObjects: 0.095000 ms)

AssetImportParameters requested are different than current active one (requested -> active):
  custom:video-decoder-ogg-theora: a1e56fd34408186e4bbccfd4996cb3dc -> 
  custom:container-muxer-webm: aa71ff27fc2769a1b78a27578f13a17b -> 
  custom:container-demuxer-webm: 4f35f7cbe854078d1ac9338744f61a02 -> 
  custom:video-encoder-webm-vp8: eb34c28f22e8b96e1ab97ce403110664 -> 
  custom:audio-encoder-webm-vorbis: bf7c407c2cedff20999df2af8eb42d56 -> 
  custom:framework-win-MediaFoundation: 216162199b28c13a410421893ffa2e32 -> 
  custom:container-demuxer-ogg: 62fdf1f143b41e24485cea50d1cbac27 -> 
  custom:video-decoder-webm-vp8: 9c59270c3fd7afecdb556c50c9e8de78 -> 
  custom:audio-decoder-ogg-vorbis: bf7c407c2cedff20999df2af8eb42d56 -> 
